2025-07-29 12:08:02,674 - INFO - Successfully connected to Binance API.
2025-07-29 12:08:02,674 - INFO - Placing order with details: {'symbol': 'BTCUSDT', 'side': 'BUY', 'type': 'MARKET', 'quantity': 0.1}
2025-07-29 12:08:02,924 - INFO - Successfully placed order.
2025-07-29 12:08:02,924 - INFO - API Response: {'orderId': 5495608271, 'symbol': 'BTCUSDT', 'status': 'NEW', 'clientOrderId': 'DPyShCJlVWhFcbyILBAjFb', 'price': '0.00', 'avgPrice': '0.00', 'origQty': '0.100', 'executedQty': '0.000', 'cumQty': '0.000', 'cumQuote': '0.00000', 'timeInForce': 'GTC', 'type': 'MARKET', 'reduceOnly': False, 'closePosition': False, 'side': 'BUY', 'positionSide': 'BOTH', 'stopPrice': '0.00', 'workingType': 'CONTRACT_PRICE', 'priceProtect': False, 'origType': 'MARKET', 'priceMatch': 'NONE', 'selfTradePreventionMode': 'EXPIRE_MAKER', 'goodTillDate': 0, 'updateTime': 1753771082904}
2025-07-29 12:23:25,428 - INFO - Successfully connected to Binance API.
2025-07-29 12:23:25,428 - INFO - Placing order with details: {'symbol': 'BTCUSDT', 'side': 'SELL', 'type': 'LIMIT', 'timeInForce': 'GTC', 'quantity': 0.1, 'price': 117500.0}
2025-07-29 12:23:25,845 - INFO - Successfully placed order.
2025-07-29 12:23:25,845 - INFO - API Response: {'orderId': 5495689376, 'symbol': 'BTCUSDT', 'status': 'NEW', 'clientOrderId': 'kSkTnU44ShbWbZlEVeZzSP', 'price': '117500.00', 'avgPrice': '0.00', 'origQty': '0.100', 'executedQty': '0.000', 'cumQty': '0.000', 'cumQuote': '0.00000', 'timeInForce': 'GTC', 'type': 'LIMIT', 'reduceOnly': False, 'closePosition': False, 'side': 'SELL', 'positionSide': 'BOTH', 'stopPrice': '0.00', 'workingType': 'CONTRACT_PRICE', 'priceProtect': False, 'origType': 'LIMIT', 'priceMatch': 'NONE', 'selfTradePreventionMode': 'EXPIRE_MAKER', 'goodTillDate': 0, 'updateTime': 1753772005863}
2025-09-24 20:39:57,925 - INFO - Successfully connected to Binance API.
2025-09-24 20:39:57,926 - INFO - Placing order with details: {'symbol': ' BTCUSDT', 'side': 'SELL', 'type': 'MARKET', 'quantity': 0.001}
2025-09-24 20:39:58,470 - ERROR - API Error placing order: 400 - Signature for this request is not valid.
2025-09-24 20:40:39,386 - INFO - Successfully connected to Binance API.
2025-09-24 20:40:39,387 - INFO - Placing order with details: {'symbol': 'BTCUDST', 'side': 'BUY', 'type': 'MARKET', 'quantity': 0.001}
2025-09-24 20:40:40,099 - ERROR - API Error placing order: 400 - Invalid symbol.
2025-09-24 20:41:17,584 - INFO - Successfully connected to Binance API.
2025-09-24 20:41:17,585 - INFO - Placing order with details: {'symbol': 'BTCUSDT', 'side': 'BUY', 'type': 'MARKET', 'quantity': 0.001}
2025-09-24 20:41:18,145 - INFO - Successfully placed order.
2025-09-24 20:41:18,145 - INFO - API Response: {'orderId': 5678273205, 'symbol': 'BTCUSDT', 'status': 'NEW', 'clientOrderId': '5e1hGjwKvjwsNRmD1l9up7', 'price': '0.00', 'avgPrice': '0.00', 'origQty': '0.001', 'executedQty': '0.000', 'cumQty': '0.000', 'cumQuote': '0.00000', 'timeInForce': 'GTC', 'type': 'MARKET', 'reduceOnly': False, 'closePosition': False, 'side': 'BUY', 'positionSide': 'BOTH', 'stopPrice': '0.00', 'workingType': 'CONTRACT_PRICE', 'priceProtect': False, 'origType': 'MARKET', 'priceMatch': 'NONE', 'selfTradePreventionMode': 'EXPIRE_MAKER', 'goodTillDate': 0, 'updateTime': 1758726678763}
2025-09-24 21:45:33,141 - INFO - Successfully connected to Binance API.
2025-09-24 21:45:40,126 - INFO - Successfully connected to Binance API.
2025-09-24 21:45:44,919 - INFO - Successfully connected to Binance API.
2025-09-24 21:46:04,041 - INFO - Successfully connected to Binance API.
2025-09-24 21:46:04,091 - INFO - Successfully connected to Binance API.
2025-09-24 21:46:10,217 - INFO - Successfully connected to Binance API.
2025-09-24 21:46:12,597 - INFO - Successfully connected to Binance API.
2025-09-24 21:46:22,471 - INFO - Successfully connected to Binance API.
2025-09-24 21:46:22,530 - INFO - Successfully connected to Binance API.
2025-09-24 21:46:22,534 - INFO - Placing order with details: {'symbol': 'BTCUSDT', 'side': 'BUY', 'type': 'LIMIT', 'timeInForce': 'GTC', 'quantity': 0.001, 'price': 100.0}
2025-09-24 21:46:23,089 - ERROR - API Error placing order: 401 - API-key format invalid.
2025-09-24 21:47:54,399 - INFO - Successfully connected to Binance API.
2025-09-24 21:47:54,402 - INFO - Placing order with details: {'symbol': 'BTCUSDT', 'side': 'BUY', 'type': 'LIMIT', 'timeInForce': 'GTC', 'quantity': 0.001, 'price': 100.0}
2025-09-24 21:47:54,967 - ERROR - API Error placing order: 401 - API-key format invalid.
2025-09-24 21:47:59,887 - INFO - Successfully connected to Binance API.
2025-09-24 21:48:00,316 - INFO - Successfully connected to Binance API.
2025-09-24 21:48:00,871 - INFO - Successfully connected to Binance API.
2025-09-24 21:48:01,325 - INFO - Successfully connected to Binance API.
2025-09-24 21:48:01,682 - INFO - Successfully connected to Binance API.
2025-09-24 21:48:01,903 - INFO - Successfully connected to Binance API.
2025-09-24 21:48:02,041 - INFO - Successfully connected to Binance API.
2025-09-24 21:48:02,160 - INFO - Successfully connected to Binance API.
2025-09-24 21:48:02,248 - INFO - Successfully connected to Binance API.
2025-09-24 21:48:02,291 - INFO - Successfully connected to Binance API.
2025-09-24 21:48:02,423 - INFO - Successfully connected to Binance API.
2025-09-24 21:48:02,426 - INFO - Placing order with details: {'symbol': 'BTCUSDT', 'side': 'BUY', 'type': 'LIMIT', 'timeInForce': 'GTC', 'quantity': 0.001, 'price': 100.0}
2025-09-24 21:48:03,236 - ERROR - API Error placing order: 401 - API-key format invalid.
2025-09-24 21:48:19,723 - INFO - Successfully connected to Binance API.
2025-09-24 21:48:24,109 - INFO - Successfully connected to Binance API.
2025-09-24 21:48:24,180 - INFO - Successfully connected to Binance API.
2025-09-24 21:48:24,183 - INFO - Placing order with details: {'symbol': 'ETHUSDT', 'side': 'BUY', 'type': 'LIMIT', 'timeInForce': 'GTC', 'quantity': 1e-05, 'price': 100.0}
2025-09-24 21:48:24,762 - ERROR - API Error placing order: 401 - API-key format invalid.
2025-09-24 21:48:58,644 - INFO - Successfully connected to Binance API.
2025-09-24 21:49:08,315 - INFO - Successfully connected to Binance API.
2025-09-24 21:49:08,348 - INFO - Successfully connected to Binance API.
2025-09-24 21:49:09,501 - INFO - Successfully connected to Binance API.
2025-09-24 21:49:09,506 - INFO - Placing order with details: {'symbol': 'BTCUSDT', 'side': 'SELL', 'type': 'MARKET', 'quantity': 1e-05}
2025-09-24 21:49:10,100 - ERROR - API Error placing order: 401 - API-key format invalid.
2025-09-24 21:52:15,658 - INFO - Successfully connected to Binance API.
2025-09-24 21:52:15,704 - INFO - Successfully connected to Binance API.
2025-09-24 21:52:15,708 - INFO - Placing order with details: {'symbol': 'BTCUSDT', 'side': 'SELL', 'type': 'MARKET', 'quantity': 0.1}
2025-09-24 21:52:16,282 - ERROR - API Error placing order: 401 - API-key format invalid.
2025-09-24 21:52:28,467 - INFO - Successfully connected to Binance API.
2025-09-24 21:52:29,285 - INFO - Successfully connected to Binance API.
2025-09-24 21:52:29,288 - INFO - Placing order with details: {'symbol': 'BTCUSDT', 'side': 'BUY', 'type': 'MARKET', 'quantity': 0.1}
2025-09-24 21:52:29,906 - ERROR - API Error placing order: 401 - API-key format invalid.
2025-09-24 22:00:50,373 - INFO - Successfully connected to Binance API.
2025-09-24 22:00:57,190 - INFO - Successfully connected to Binance API.
2025-09-24 22:01:07,531 - INFO - Successfully connected to Binance API.
2025-09-24 22:01:11,077 - INFO - Successfully connected to Binance API.
2025-09-24 22:01:11,108 - INFO - Successfully connected to Binance API.
2025-09-24 22:01:11,112 - INFO - Placing order with details: {'symbol': 'BTCUSDT', 'side': 'BUY', 'type': 'MARKET', 'quantity': 0.0001}
2025-09-24 22:01:11,672 - ERROR - API Error placing order: 401 - API-key format invalid.
2025-09-24 22:02:45,112 - INFO - Successfully connected to Binance API.
2025-09-24 22:02:51,768 - INFO - Successfully connected to Binance API.
2025-09-24 22:02:55,831 - INFO - Successfully connected to Binance API.
2025-09-24 22:02:55,861 - INFO - Successfully connected to Binance API.
2025-09-24 22:02:55,865 - INFO - Placing order with details: {'symbol': 'BTCUSDT', 'side': 'BUY', 'type': 'MARKET', 'quantity': 0.0001}
2025-09-24 22:02:56,456 - ERROR - API Error placing order: 401 - API-key format invalid.
2025-09-24 22:05:11,518 - INFO - Successfully connected to Binance API.
2025-09-24 22:05:17,088 - INFO - Successfully connected to Binance API.
2025-09-24 22:05:20,617 - INFO - Successfully connected to Binance API.
2025-09-24 22:05:20,649 - INFO - Successfully connected to Binance API.
2025-09-24 22:05:20,653 - INFO - Placing order with details: {'symbol': 'BTCUSDT', 'side': 'BUY', 'type': 'MARKET', 'quantity': 0.0001}
2025-09-24 22:05:21,242 - ERROR - API Error placing order: 400 - Precision is over the maximum defined for this asset.
2025-09-24 22:05:55,704 - INFO - Successfully connected to Binance API.
2025-09-24 22:05:58,495 - INFO - Successfully connected to Binance API.
2025-09-24 22:06:02,447 - INFO - Successfully connected to Binance API.
2025-09-24 22:06:09,903 - INFO - Successfully connected to Binance API.
2025-09-24 22:06:09,935 - INFO - Successfully connected to Binance API.
2025-09-24 22:06:09,939 - INFO - Placing order with details: {'symbol': 'BTCUSDT', 'side': 'BUY', 'type': 'MARKET', 'quantity': 0.001}
2025-09-24 22:06:10,568 - INFO - Successfully placed order.
2025-09-24 22:06:10,569 - INFO - API Response: {'orderId': 5678348366, 'symbol': 'BTCUSDT', 'status': 'NEW', 'clientOrderId': 'YG7QIGt9BKZI3S76uUl4Xo', 'price': '0.00', 'avgPrice': '0.00', 'origQty': '0.001', 'executedQty': '0.000', 'cumQty': '0.000', 'cumQuote': '0.00000', 'timeInForce': 'GTC', 'type': 'MARKET', 'reduceOnly': False, 'closePosition': False, 'side': 'BUY', 'positionSide': 'BOTH', 'stopPrice': '0.00', 'workingType': 'CONTRACT_PRICE', 'priceProtect': False, 'origType': 'MARKET', 'priceMatch': 'NONE', 'selfTradePreventionMode': 'EXPIRE_MAKER', 'goodTillDate': 0, 'updateTime': 1758731771221}
2025-09-24 22:17:18,980 - INFO - Successfully connected to Binance API.
2025-09-24 22:17:22,504 - INFO - Successfully connected to Binance API.
2025-09-24 22:17:26,488 - INFO - Successfully connected to Binance API.
2025-09-24 22:17:29,104 - INFO - Successfully connected to Binance API.
2025-09-24 22:17:29,426 - INFO - Successfully connected to Binance API.
2025-09-24 22:17:29,430 - INFO - Placing order with details: {'symbol': 'BTCUSDT', 'side': 'SELL', 'type': 'MARKET', 'quantity': 0.001}
2025-09-24 22:17:29,995 - INFO - Successfully placed order.
2025-09-24 22:17:29,996 - INFO - API Response: {'orderId': 5678359588, 'symbol': 'BTCUSDT', 'status': 'NEW', 'clientOrderId': 'Ww1ISK3H9DD24SrTSXENOq', 'price': '0.00', 'avgPrice': '0.00', 'origQty': '0.001', 'executedQty': '0.000', 'cumQty': '0.000', 'cumQuote': '0.00000', 'timeInForce': 'GTC', 'type': 'MARKET', 'reduceOnly': False, 'closePosition': False, 'side': 'SELL', 'positionSide': 'BOTH', 'stopPrice': '0.00', 'workingType': 'CONTRACT_PRICE', 'priceProtect': False, 'origType': 'MARKET', 'priceMatch': 'NONE', 'selfTradePreventionMode': 'EXPIRE_MAKER', 'goodTillDate': 0, 'updateTime': 1758732450659}
2025-09-24 22:21:59,490 - INFO - Successfully connected to Binance API.
2025-09-24 22:21:59,493 - INFO - Placing order with details: {'symbol': 'BTCUSDT', 'side': 'SELL', 'type': 'MARKET', 'quantity': 0.001}
2025-09-24 22:22:00,113 - INFO - Successfully placed order.
2025-09-24 22:22:00,113 - INFO - API Response: {'orderId': 5678364368, 'symbol': 'BTCUSDT', 'status': 'NEW', 'clientOrderId': '32ispJNouzib7gVYoqjMTg', 'price': '0.00', 'avgPrice': '0.00', 'origQty': '0.001', 'executedQty': '0.000', 'cumQty': '0.000', 'cumQuote': '0.00000', 'timeInForce': 'GTC', 'type': 'MARKET', 'reduceOnly': False, 'closePosition': False, 'side': 'SELL', 'positionSide': 'BOTH', 'stopPrice': '0.00', 'workingType': 'CONTRACT_PRICE', 'priceProtect': False, 'origType': 'MARKET', 'priceMatch': 'NONE', 'selfTradePreventionMode': 'EXPIRE_MAKER', 'goodTillDate': 0, 'updateTime': 1758732720780}
2025-09-24 22:36:49,587 - INFO - Successfully connected to Binance API.
2025-09-24 22:36:55,165 - INFO - Successfully connected to Binance API.
2025-09-24 22:36:55,907 - INFO - Successfully connected to Binance API.
